<?xml version="1.0" encoding="UTF-8"?>
<!-- Generated by org.testng.reporters.JUnitReportReporter -->
<testsuite skipped="0" hostname="LAPTOP-K53SDBCJ" name="P2.TestNG_google_ex" tests="2" failures="0" timestamp="2020-02-26T23:20:28 IST" time="85.478" errors="0">
  <testcase name="search" time="36.194" classname="P2.TestNG_google_ex"/>
  <testcase name="search" time="49.284" classname="P2.TestNG_google_ex"/>
</testsuite> <!-- P2.TestNG_google_ex -->
