<?xml version="1.0" encoding="UTF-8"?>
<!-- Generated by org.testng.reporters.JUnitReportReporter -->
<testsuite skipped="0" hostname="LAPTOP-K53SDBCJ" name="P2.sample" tests="3" failures="0" timestamp="2020-02-26T17:34:14 IST" time="0.008" errors="0">
  <testcase name="inbox" time="0.008" classname="P2.sample"/>
  <testcase name="login" time="0.000" classname="P2.sample"/>
  <testcase name="registernewuser" time="0.000" classname="P2.sample"/>
</testsuite> <!-- P2.sample -->
