<?xml version="1.0" encoding="UTF-8"?>
<!-- Generated by org.testng.reporters.JUnitReportReporter -->
<testsuite skipped="0" hostname="LAPTOP-K53SDBCJ" name="com.wordpress.Testcases.VerifyWordpressLogin" tests="1" failures="0" timestamp="2020-03-01T19:43:34 IST" time="44.064" errors="0">
  <testcase name="verifylogin" time="44.064" classname="com.wordpress.Testcases.VerifyWordpressLogin"/>
</testsuite> <!-- com.wordpress.Testcases.VerifyWordpressLogin -->
