<?xml version="1.0" encoding="UTF-8"?>
<!-- Generated by org.testng.reporters.JUnitReportReporter -->
<testsuite skipped="0" hostname="LAPTOP-K53SDBCJ" name="com.wordpress.Testcases.VerifyWordpressLogin3_Reusability" tests="1" failures="0" timestamp="2020-03-01T23:31:02 IST" time="64.299" errors="0">
  <testcase name="verifylogin" time="64.299" classname="com.wordpress.Testcases.VerifyWordpressLogin3_Reusability"/>
</testsuite> <!-- com.wordpress.Testcases.VerifyWordpressLogin3_Reusability -->
